{"C:\\Users\\Ufinity\\Desktop\\pg\\interview-package-ts-pg-v1\\interview-package-ts-pg-v1\\typescript\\src\\config\\database.ts": {"path":"C:\\Users\\Ufinity\\Desktop\\pg\\interview-package-ts-pg-v1\\interview-package-ts-pg-v1\\typescript\\src\\config\\database.ts","statementMap":{"0":{"start":{"line":1,"column":0},"end":{"line":1,"column":38}},"1":{"start":{"line":2,"column":0},"end":{"line":2,"column":30}},"2":{"start":{"line":4,"column":12},"end":{"line":4,"column":37}},"3":{"start":{"line":16,"column":4},"end":{"line":16,"column":15}},"4":{"start":{"line":18,"column":18},"end":{"line":32,"column":2}},"5":{"start":{"line":30,"column":4},"end":{"line":30,"column":31}},"6":{"start":{"line":34,"column":0},"end":{"line":34,"column":25}}},"fnMap":{"0":{"name":"(anonymous_1)","decl":{"start":{"line":29,"column":11},"end":{"line":29,"column":12}},"loc":{"start":{"line":29,"column":19},"end":{"line":31,"column":3}}}},"branchMap":{"0":{"loc":{"start":{"line":6,"column":12},"end":{"line":6,"column":23}},"type":"default-arg","locations":[{"start":{"line":6,"column":12},"end":{"line":6,"column":23}}]},"1":{"loc":{"start":{"line":7,"column":12},"end":{"line":7,"column":19}},"type":"default-arg","locations":[{"start":{"line":7,"column":12},"end":{"line":7,"column":19}}]},"2":{"loc":{"start":{"line":8,"column":14},"end":{"line":8,"column":45}},"type":"default-arg","locations":[{"start":{"line":8,"column":14},"end":{"line":8,"column":45}}]},"3":{"loc":{"start":{"line":9,"column":12},"end":{"line":9,"column":18}},"type":"default-arg","locations":[{"start":{"line":9,"column":12},"end":{"line":9,"column":18}}]},"4":{"loc":{"start":{"line":10,"column":10},"end":{"line":10,"column":20}},"type":"default-arg","locations":[{"start":{"line":10,"column":10},"end":{"line":10,"column":20}}]},"5":{"loc":{"start":{"line":11,"column":20},"end":{"line":11,"column":27}},"type":"default-arg","locations":[{"start":{"line":11,"column":20},"end":{"line":11,"column":27}}]},"6":{"loc":{"start":{"line":12,"column":17},"end":{"line":12,"column":24}},"type":"default-arg","locations":[{"start":{"line":12,"column":17},"end":{"line":12,"column":24}}]},"7":{"loc":{"start":{"line":13,"column":21},"end":{"line":13,"column":25}},"type":"default-arg","locations":[{"start":{"line":13,"column":21},"end":{"line":13,"column":25}}]},"8":{"loc":{"start":{"line":14,"column":21},"end":{"line":14,"column":24}},"type":"default-arg","locations":[{"start":{"line":14,"column":21},"end":{"line":14,"column":24}}]},"9":{"loc":{"start":{"line":15,"column":17},"end":{"line":15,"column":23}},"type":"default-arg","locations":[{"start":{"line":15,"column":17},"end":{"line":15,"column":23}}]}},"s":{"0":10,"1":10,"2":10,"3":10,"4":10,"5":0,"6":10},"f":{"0":0},"b":{"0":[10],"1":[10],"2":[10],"3":[10],"4":[10],"5":[10],"6":[10],"7":[10],"8":[10],"9":[10]}}
,"C:\\Users\\Ufinity\\Desktop\\pg\\interview-package-ts-pg-v1\\interview-package-ts-pg-v1\\typescript\\src\\config\\logger.ts": {"path":"C:\\Users\\Ufinity\\Desktop\\pg\\interview-package-ts-pg-v1\\interview-package-ts-pg-v1\\typescript\\src\\config\\logger.ts","statementMap":{"0":{"start":{"line":1,"column":0},"end":{"line":1,"column":59}},"1":{"start":{"line":3,"column":59},"end":{"line":3,"column":65}},"2":{"start":{"line":7,"column":4},"end":{"line":7,"column":15}},"3":{"start":{"line":12,"column":21},"end":{"line":20,"column":2}},"4":{"start":{"line":13,"column":18},"end":{"line":13,"column":98}},"5":{"start":{"line":15,"column":2},"end":{"line":17,"column":null}},"6":{"start":{"line":16,"column":4},"end":{"line":16,"column":81}},"7":{"start":{"line":19,"column":2},"end":{"line":19,"column":17}},"8":{"start":{"line":22,"column":31},"end":{"line":26,"column":2}},"9":{"start":{"line":23,"column":2},"end":{"line":23,"column":40}},"10":{"start":{"line":25,"column":2},"end":{"line":25,"column":14}},"11":{"start":{"line":28,"column":18},"end":{"line":42,"column":2}},"12":{"start":{"line":48,"column":4},"end":{"line":48,"column":29}},"13":{"start":{"line":52,"column":4},"end":{"line":52,"column":58}},"14":{"start":{"line":56,"column":4},"end":{"line":56,"column":57}},"15":{"start":{"line":60,"column":4},"end":{"line":60,"column":57}},"16":{"start":{"line":64,"column":4},"end":{"line":64,"column":60}},"17":{"start":{"line":68,"column":4},"end":{"line":68,"column":58}},"18":{"start":{"line":72,"column":4},"end":{"line":72,"column":58}},"19":{"start":{"line":76,"column":4},"end":{"line":76,"column":63}},"20":{"start":{"line":80,"column":0},"end":{"line":80,"column":22}}},"fnMap":{"0":{"name":"(anonymous_0)","decl":{"start":{"line":12,"column":28},"end":{"line":12,"column":32}},"loc":{"start":{"line":12,"column":35},"end":{"line":20,"column":1}}},"1":{"name":"(anonymous_1)","decl":{"start":{"line":22,"column":38},"end":{"line":22,"column":42}},"loc":{"start":{"line":22,"column":45},"end":{"line":26,"column":1}}},"2":{"name":"(anonymous_2)","decl":{"start":{"line":47,"column":2},"end":{"line":47,"column":14}},"loc":{"start":{"line":47,"column":30},"end":{"line":49,"column":3}}},"3":{"name":"(anonymous_3)","decl":{"start":{"line":51,"column":9},"end":{"line":51,"column":14}},"loc":{"start":{"line":51,"column":30},"end":{"line":53,"column":3}}},"4":{"name":"(anonymous_4)","decl":{"start":{"line":55,"column":9},"end":{"line":55,"column":13}},"loc":{"start":{"line":55,"column":29},"end":{"line":57,"column":3}}},"5":{"name":"(anonymous_5)","decl":{"start":{"line":59,"column":9},"end":{"line":59,"column":13}},"loc":{"start":{"line":59,"column":29},"end":{"line":61,"column":3}}},"6":{"name":"(anonymous_6)","decl":{"start":{"line":63,"column":9},"end":{"line":63,"column":16}},"loc":{"start":{"line":63,"column":32},"end":{"line":65,"column":3}}},"7":{"name":"(anonymous_7)","decl":{"start":{"line":67,"column":9},"end":{"line":67,"column":14}},"loc":{"start":{"line":67,"column":30},"end":{"line":69,"column":3}}},"8":{"name":"(anonymous_8)","decl":{"start":{"line":71,"column":9},"end":{"line":71,"column":14}},"loc":{"start":{"line":71,"column":30},"end":{"line":73,"column":3}}},"9":{"name":"(anonymous_9)","decl":{"start":{"line":75,"column":9},"end":{"line":75,"column":12}},"loc":{"start":{"line":75,"column":43},"end":{"line":77,"column":3}}}},"branchMap":{"0":{"loc":{"start":{"line":6,"column":14},"end":{"line":6,"column":20}},"type":"default-arg","locations":[{"start":{"line":6,"column":14},"end":{"line":6,"column":20}}]},"1":{"loc":{"start":{"line":15,"column":2},"end":{"line":17,"column":null}},"type":"if","locations":[{"start":{"line":15,"column":2},"end":{"line":17,"column":null}},{"start":{"line":15,"column":2},"end":{"line":17,"column":null}}]},"2":{"loc":{"start":{"line":15,"column":6},"end":{"line":15,"column":28}},"type":"binary-expr","locations":[{"start":{"line":15,"column":6},"end":{"line":15,"column":28}},{"start":{"line":15,"column":32},"end":{"line":15,"column":53}}]}},"s":{"0":10,"1":10,"2":10,"3":10,"4":0,"5":0,"6":0,"7":0,"8":10,"9":0,"10":0,"11":10,"12":10,"13":0,"14":0,"15":0,"16":0,"17":0,"18":0,"19":0,"20":10},"f":{"0":0,"1":0,"2":10,"3":0,"4":0,"5":0,"6":0,"7":0,"8":0,"9":0},"b":{"0":[10],"1":[0,0],"2":[0,0]}}
,"C:\\Users\\Ufinity\\Desktop\\pg\\interview-package-ts-pg-v1\\interview-package-ts-pg-v1\\typescript\\src\\models\\StudentInfo.ts": {"path":"C:\\Users\\Ufinity\\Desktop\\pg\\interview-package-ts-pg-v1\\interview-package-ts-pg-v1\\typescript\\src\\models\\StudentInfo.ts","statementMap":{"0":{"start":{"line":1,"column":0},"end":{"line":1,"column":68}},"1":{"start":{"line":2,"column":0},"end":{"line":2,"column":43}},"2":{"start":{"line":33,"column":0},"end":{"line":59,"column":2}},"3":{"start":{"line":61,"column":0},"end":{"line":61,"column":27}}},"fnMap":{},"branchMap":{},"s":{"0":3,"1":3,"2":3,"3":3},"f":{},"b":{}}
,"C:\\Users\\Ufinity\\Desktop\\pg\\interview-package-ts-pg-v1\\interview-package-ts-pg-v1\\typescript\\src\\models\\TeacherInfo.ts": {"path":"C:\\Users\\Ufinity\\Desktop\\pg\\interview-package-ts-pg-v1\\interview-package-ts-pg-v1\\typescript\\src\\models\\TeacherInfo.ts","statementMap":{"0":{"start":{"line":1,"column":0},"end":{"line":1,"column":55}},"1":{"start":{"line":2,"column":0},"end":{"line":2,"column":43}},"2":{"start":{"line":28,"column":0},"end":{"line":54,"column":2}},"3":{"start":{"line":56,"column":0},"end":{"line":56,"column":27}}},"fnMap":{},"branchMap":{},"s":{"0":2,"1":2,"2":2,"3":2},"f":{},"b":{}}
,"C:\\Users\\Ufinity\\Desktop\\pg\\interview-package-ts-pg-v1\\interview-package-ts-pg-v1\\typescript\\src\\models\\TeacherStudent.ts": {"path":"C:\\Users\\Ufinity\\Desktop\\pg\\interview-package-ts-pg-v1\\interview-package-ts-pg-v1\\typescript\\src\\models\\TeacherStudent.ts","statementMap":{"0":{"start":{"line":1,"column":0},"end":{"line":1,"column":45}},"1":{"start":{"line":2,"column":0},"end":{"line":2,"column":43}},"2":{"start":{"line":22,"column":0},"end":{"line":33,"column":2}},"3":{"start":{"line":35,"column":0},"end":{"line":35,"column":30}}},"fnMap":{},"branchMap":{},"s":{"0":2,"1":2,"2":2,"3":2},"f":{},"b":{}}
,"C:\\Users\\Ufinity\\Desktop\\pg\\interview-package-ts-pg-v1\\interview-package-ts-pg-v1\\typescript\\src\\models\\User.ts": {"path":"C:\\Users\\Ufinity\\Desktop\\pg\\interview-package-ts-pg-v1\\interview-package-ts-pg-v1\\typescript\\src\\models\\User.ts","statementMap":{"0":{"start":{"line":2,"column":0},"end":{"line":2,"column":55}},"1":{"start":{"line":3,"column":0},"end":{"line":3,"column":43}},"2":{"start":{"line":26,"column":0},"end":{"line":49,"column":2}},"3":{"start":{"line":51,"column":0},"end":{"line":51,"column":20}}},"fnMap":{},"branchMap":{},"s":{"0":3,"1":3,"2":3,"3":3},"f":{},"b":{}}
,"C:\\Users\\Ufinity\\Desktop\\pg\\interview-package-ts-pg-v1\\interview-package-ts-pg-v1\\typescript\\src\\services\\notificationService.ts": {"path":"C:\\Users\\Ufinity\\Desktop\\pg\\interview-package-ts-pg-v1\\interview-package-ts-pg-v1\\typescript\\src\\services\\notificationService.ts","statementMap":{"0":{"start":{"line":1,"column":0},"end":{"line":1,"column":34}},"1":{"start":{"line":2,"column":0},"end":{"line":2,"column":48}},"2":{"start":{"line":3,"column":0},"end":{"line":3,"column":48}},"3":{"start":{"line":4,"column":0},"end":{"line":4,"column":54}},"4":{"start":{"line":8,"column":22},"end":{"line":8,"column":76}},"5":{"start":{"line":9,"column":2},"end":{"line":9,"column":57}},"6":{"start":{"line":9,"column":20},"end":{"line":9,"column":57}},"7":{"start":{"line":11,"column":22},"end":{"line":11,"column":86}},"8":{"start":{"line":12,"column":2},"end":{"line":12,"column":61}},"9":{"start":{"line":12,"column":20},"end":{"line":12,"column":61}},"10":{"start":{"line":15,"column":26},"end":{"line":18,"column":4}},"11":{"start":{"line":20,"column":27},"end":{"line":23,"column":48}},"12":{"start":{"line":21,"column":20},"end":{"line":21,"column":61}},"13":{"start":{"line":22,"column":17},"end":{"line":22,"column":47}},"14":{"start":{"line":23,"column":40},"end":{"line":23,"column":47}},"15":{"start":{"line":28,"column":26},"end":{"line":29,"column":33}},"16":{"start":{"line":29,"column":18},"end":{"line":29,"column":32}},"17":{"start":{"line":31,"column":25},"end":{"line":33,"column":4}},"18":{"start":{"line":35,"column":32},"end":{"line":41,"column":4}},"19":{"start":{"line":37,"column":38},"end":{"line":37,"column":42}},"20":{"start":{"line":43,"column":32},"end":{"line":45,"column":48}},"21":{"start":{"line":44,"column":15},"end":{"line":44,"column":30}},"22":{"start":{"line":45,"column":40},"end":{"line":45,"column":47}},"23":{"start":{"line":48,"column":24},"end":{"line":48,"column":92}},"24":{"start":{"line":50,"column":2},"end":{"line":50,"column":23}},"25":{"start":{"line":6,"column":0},"end":{"line":6,"column":7}}},"fnMap":{"0":{"name":"getNotificationRecipients","decl":{"start":{"line":6,"column":22},"end":{"line":6,"column":47}},"loc":{"start":{"line":6,"column":90},"end":{"line":51,"column":1}}},"1":{"name":"(anonymous_2)","decl":{"start":{"line":21,"column":12},"end":{"line":21,"column":16}},"loc":{"start":{"line":21,"column":19},"end":{"line":21,"column":61}}},"2":{"name":"(anonymous_3)","decl":{"start":{"line":22,"column":9},"end":{"line":22,"column":13}},"loc":{"start":{"line":22,"column":16},"end":{"line":22,"column":47}}},"3":{"name":"(anonymous_4)","decl":{"start":{"line":23,"column":12},"end":{"line":23,"column":13}},"loc":{"start":{"line":23,"column":40},"end":{"line":23,"column":47}}},"4":{"name":"(anonymous_5)","decl":{"start":{"line":29,"column":9},"end":{"line":29,"column":14}},"loc":{"start":{"line":29,"column":18},"end":{"line":29,"column":32}}},"5":{"name":"(anonymous_6)","decl":{"start":{"line":37,"column":33},"end":{"line":37,"column":34}},"loc":{"start":{"line":37,"column":38},"end":{"line":37,"column":42}}},"6":{"name":"(anonymous_7)","decl":{"start":{"line":44,"column":9},"end":{"line":44,"column":11}},"loc":{"start":{"line":44,"column":14},"end":{"line":44,"column":30}}},"7":{"name":"(anonymous_8)","decl":{"start":{"line":45,"column":12},"end":{"line":45,"column":13}},"loc":{"start":{"line":45,"column":40},"end":{"line":45,"column":47}}}},"branchMap":{"0":{"loc":{"start":{"line":9,"column":2},"end":{"line":9,"column":57}},"type":"if","locations":[{"start":{"line":9,"column":2},"end":{"line":9,"column":57}},{"start":{"line":9,"column":2},"end":{"line":9,"column":57}}]},"1":{"loc":{"start":{"line":12,"column":2},"end":{"line":12,"column":61}},"type":"if","locations":[{"start":{"line":12,"column":2},"end":{"line":12,"column":61}},{"start":{"line":12,"column":2},"end":{"line":12,"column":61}}]},"2":{"loc":{"start":{"line":21,"column":36},"end":{"line":21,"column":38}},"type":"cond-expr","locations":[{"start":{"line":21,"column":36},"end":{"line":21,"column":38}},{"start":{"line":21,"column":36},"end":{"line":21,"column":44}}]},"3":{"loc":{"start":{"line":21,"column":20},"end":{"line":21,"column":38}},"type":"binary-expr","locations":[{"start":{"line":21,"column":20},"end":{"line":21,"column":38}},{"start":{"line":21,"column":36},"end":{"line":21,"column":38}}]},"4":{"loc":{"start":{"line":22,"column":39},"end":{"line":22,"column":41}},"type":"cond-expr","locations":[{"start":{"line":22,"column":39},"end":{"line":22,"column":41}},{"start":{"line":22,"column":39},"end":{"line":22,"column":46}}]},"5":{"loc":{"start":{"line":22,"column":17},"end":{"line":22,"column":41}},"type":"binary-expr","locations":[{"start":{"line":22,"column":17},"end":{"line":22,"column":41}},{"start":{"line":22,"column":39},"end":{"line":22,"column":41}}]},"6":{"loc":{"start":{"line":22,"column":33},"end":{"line":22,"column":35}},"type":"cond-expr","locations":[{"start":{"line":22,"column":33},"end":{"line":22,"column":35}},{"start":{"line":22,"column":33},"end":{"line":22,"column":39}}]},"7":{"loc":{"start":{"line":22,"column":17},"end":{"line":22,"column":35}},"type":"binary-expr","locations":[{"start":{"line":22,"column":17},"end":{"line":22,"column":35}},{"start":{"line":22,"column":33},"end":{"line":22,"column":35}}]},"8":{"loc":{"start":{"line":28,"column":27},"end":{"line":28,"column":90}},"type":"binary-expr","locations":[{"start":{"line":28,"column":27},"end":{"line":28,"column":90}},{"start":{"line":28,"column":94},"end":{"line":28,"column":96}}]},"9":{"loc":{"start":{"line":44,"column":22},"end":{"line":44,"column":24}},"type":"cond-expr","locations":[{"start":{"line":44,"column":22},"end":{"line":44,"column":24}},{"start":{"line":44,"column":22},"end":{"line":44,"column":29}}]},"10":{"loc":{"start":{"line":44,"column":15},"end":{"line":44,"column":24}},"type":"binary-expr","locations":[{"start":{"line":44,"column":15},"end":{"line":44,"column":24}},{"start":{"line":44,"column":22},"end":{"line":44,"column":24}}]}},"s":{"0":1,"1":1,"2":1,"3":1,"4":3,"5":3,"6":1,"7":2,"8":2,"9":1,"10":1,"11":1,"12":1,"13":1,"14":1,"15":1,"16":1,"17":1,"18":1,"19":1,"20":1,"21":1,"22":1,"23":1,"24":1,"25":1},"f":{"0":3,"1":1,"2":1,"3":1,"4":1,"5":1,"6":1,"7":1},"b":{"0":[1,2],"1":[1,1],"2":[0,1],"3":[1,1],"4":[0,1],"5":[1,1],"6":[0,1],"7":[1,1],"8":[1,0],"9":[0,1],"10":[1,1]}}
,"C:\\Users\\Ufinity\\Desktop\\pg\\interview-package-ts-pg-v1\\interview-package-ts-pg-v1\\typescript\\src\\services\\studentService.ts": {"path":"C:\\Users\\Ufinity\\Desktop\\pg\\interview-package-ts-pg-v1\\interview-package-ts-pg-v1\\typescript\\src\\services\\studentService.ts","statementMap":{"0":{"start":{"line":1,"column":0},"end":{"line":1,"column":34}},"1":{"start":{"line":2,"column":0},"end":{"line":2,"column":48}},"2":{"start":{"line":5,"column":15},"end":{"line":5,"column":55}},"3":{"start":{"line":6,"column":2},"end":{"line":6,"column":50}},"4":{"start":{"line":6,"column":13},"end":{"line":6,"column":50}},"5":{"start":{"line":8,"column":22},"end":{"line":8,"column":79}},"6":{"start":{"line":9,"column":2},"end":{"line":9,"column":61}},"7":{"start":{"line":9,"column":20},"end":{"line":9,"column":61}},"8":{"start":{"line":11,"column":2},"end":{"line":11,"column":49}},"9":{"start":{"line":11,"column":42},"end":{"line":11,"column":49}},"10":{"start":{"line":13,"column":2},"end":{"line":13,"column":35}},"11":{"start":{"line":14,"column":2},"end":{"line":14,"column":27}},"12":{"start":{"line":4,"column":0},"end":{"line":4,"column":7}}},"fnMap":{"0":{"name":"suspendStudentByEmail","decl":{"start":{"line":4,"column":22},"end":{"line":4,"column":43}},"loc":{"start":{"line":4,"column":57},"end":{"line":15,"column":1}}}},"branchMap":{"0":{"loc":{"start":{"line":6,"column":2},"end":{"line":6,"column":50}},"type":"if","locations":[{"start":{"line":6,"column":2},"end":{"line":6,"column":50}},{"start":{"line":6,"column":2},"end":{"line":6,"column":50}}]},"1":{"loc":{"start":{"line":9,"column":2},"end":{"line":9,"column":61}},"type":"if","locations":[{"start":{"line":9,"column":2},"end":{"line":9,"column":61}},{"start":{"line":9,"column":2},"end":{"line":9,"column":61}}]},"2":{"loc":{"start":{"line":11,"column":2},"end":{"line":11,"column":49}},"type":"if","locations":[{"start":{"line":11,"column":2},"end":{"line":11,"column":49}},{"start":{"line":11,"column":2},"end":{"line":11,"column":49}}]}},"s":{"0":1,"1":1,"2":4,"3":4,"4":1,"5":3,"6":3,"7":1,"8":2,"9":1,"10":1,"11":1,"12":1},"f":{"0":4},"b":{"0":[1,3],"1":[1,2],"2":[1,1]}}
,"C:\\Users\\Ufinity\\Desktop\\pg\\interview-package-ts-pg-v1\\interview-package-ts-pg-v1\\typescript\\src\\services\\userService.ts": {"path":"C:\\Users\\Ufinity\\Desktop\\pg\\interview-package-ts-pg-v1\\interview-package-ts-pg-v1\\typescript\\src\\services\\userService.ts","statementMap":{"0":{"start":{"line":1,"column":0},"end":{"line":1,"column":34}},"1":{"start":{"line":2,"column":0},"end":{"line":2,"column":48}},"2":{"start":{"line":3,"column":0},"end":{"line":3,"column":48}},"3":{"start":{"line":4,"column":0},"end":{"line":4,"column":54}},"4":{"start":{"line":10,"column":22},"end":{"line":10,"column":76}},"5":{"start":{"line":11,"column":2},"end":{"line":11,"column":57}},"6":{"start":{"line":11,"column":20},"end":{"line":11,"column":57}},"7":{"start":{"line":13,"column":22},"end":{"line":13,"column":86}},"8":{"start":{"line":14,"column":2},"end":{"line":14,"column":61}},"9":{"start":{"line":14,"column":20},"end":{"line":14,"column":61}},"10":{"start":{"line":17,"column":23},"end":{"line":17,"column":78}},"11":{"start":{"line":18,"column":2},"end":{"line":18,"column":102}},"12":{"start":{"line":18,"column":52},"end":{"line":18,"column":102}},"13":{"start":{"line":20,"column":25},"end":{"line":20,"column":54}},"14":{"start":{"line":20,"column":49},"end":{"line":20,"column":53}},"15":{"start":{"line":21,"column":23},"end":{"line":23,"column":4}},"16":{"start":{"line":26,"column":20},"end":{"line":32,"column":null}},"17":{"start":{"line":27,"column":4},"end":{"line":32,"column":6}},"18":{"start":{"line":34,"column":2},"end":{"line":34,"column":31}},"19":{"start":{"line":35,"column":2},"end":{"line":35,"column":9}},"20":{"start":{"line":8,"column":0},"end":{"line":8,"column":7}},"21":{"start":{"line":42,"column":23},"end":{"line":42,"column":78}},"22":{"start":{"line":44,"column":2},"end":{"line":44,"column":102}},"23":{"start":{"line":44,"column":52},"end":{"line":44,"column":102}},"24":{"start":{"line":46,"column":25},"end":{"line":50,"column":null}},"25":{"start":{"line":48,"column":19},"end":{"line":48,"column":76}},"26":{"start":{"line":49,"column":6},"end":{"line":49,"column":22}},"27":{"start":{"line":54,"column":30},"end":{"line":57,"column":null}},"28":{"start":{"line":56,"column":6},"end":{"line":56,"column":62}},"29":{"start":{"line":61,"column":25},"end":{"line":62,"column":null}},"30":{"start":{"line":62,"column":4},"end":{"line":62,"column":36}},"31":{"start":{"line":62,"column":19},"end":{"line":62,"column":35}},"32":{"start":{"line":65,"column":27},"end":{"line":66,"column":null}},"33":{"start":{"line":66,"column":4},"end":{"line":66,"column":34}},"34":{"start":{"line":66,"column":19},"end":{"line":66,"column":33}},"35":{"start":{"line":70,"column":23},"end":{"line":73,"column":4}},"36":{"start":{"line":75,"column":21},"end":{"line":77,"column":55}},"37":{"start":{"line":76,"column":17},"end":{"line":76,"column":34}},"38":{"start":{"line":77,"column":40},"end":{"line":77,"column":54}},"39":{"start":{"line":78,"column":2},"end":{"line":78,"column":20}},"40":{"start":{"line":39,"column":0},"end":{"line":39,"column":7}}},"fnMap":{"0":{"name":"registerStudentsToTeacher","decl":{"start":{"line":8,"column":22},"end":{"line":8,"column":47}},"loc":{"start":{"line":8,"column":93},"end":{"line":36,"column":1}}},"1":{"name":"(anonymous_2)","decl":{"start":{"line":20,"column":42},"end":{"line":20,"column":43}},"loc":{"start":{"line":20,"column":49},"end":{"line":20,"column":53}}},"2":{"name":"(anonymous_3)","decl":{"start":{"line":26,"column":37},"end":{"line":26,"column":38}},"loc":{"start":{"line":27,"column":4},"end":{"line":32,"column":6}}},"3":{"name":"getCommonStudents","decl":{"start":{"line":39,"column":22},"end":{"line":39,"column":39}},"loc":{"start":{"line":39,"column":63},"end":{"line":79,"column":1}}},"4":{"name":"(anonymous_5)","decl":{"start":{"line":47,"column":21},"end":{"line":47,"column":26}},"loc":{"start":{"line":47,"column":36},"end":{"line":50,"column":5}}},"5":{"name":"(anonymous_6)","decl":{"start":{"line":55,"column":23},"end":{"line":55,"column":24}},"loc":{"start":{"line":56,"column":6},"end":{"line":56,"column":62}}},"6":{"name":"(anonymous_7)","decl":{"start":{"line":61,"column":49},"end":{"line":61,"column":53}},"loc":{"start":{"line":62,"column":4},"end":{"line":62,"column":36}}},"7":{"name":"(anonymous_8)","decl":{"start":{"line":62,"column":13},"end":{"line":62,"column":15}},"loc":{"start":{"line":62,"column":19},"end":{"line":62,"column":35}}},"8":{"name":"(anonymous_9)","decl":{"start":{"line":65,"column":49},"end":{"line":65,"column":50}},"loc":{"start":{"line":66,"column":4},"end":{"line":66,"column":34}}},"9":{"name":"(anonymous_10)","decl":{"start":{"line":66,"column":13},"end":{"line":66,"column":15}},"loc":{"start":{"line":66,"column":19},"end":{"line":66,"column":33}}},"10":{"name":"(anonymous_11)","decl":{"start":{"line":76,"column":9},"end":{"line":76,"column":13}},"loc":{"start":{"line":76,"column":16},"end":{"line":76,"column":34}}},"11":{"name":"(anonymous_12)","decl":{"start":{"line":77,"column":12},"end":{"line":77,"column":13}},"loc":{"start":{"line":77,"column":40},"end":{"line":77,"column":54}}}},"branchMap":{"0":{"loc":{"start":{"line":11,"column":2},"end":{"line":11,"column":57}},"type":"if","locations":[{"start":{"line":11,"column":2},"end":{"line":11,"column":57}},{"start":{"line":11,"column":2},"end":{"line":11,"column":57}}]},"1":{"loc":{"start":{"line":14,"column":2},"end":{"line":14,"column":61}},"type":"if","locations":[{"start":{"line":14,"column":2},"end":{"line":14,"column":61}},{"start":{"line":14,"column":2},"end":{"line":14,"column":61}}]},"2":{"loc":{"start":{"line":18,"column":2},"end":{"line":18,"column":102}},"type":"if","locations":[{"start":{"line":18,"column":2},"end":{"line":18,"column":102}},{"start":{"line":18,"column":2},"end":{"line":18,"column":102}}]},"3":{"loc":{"start":{"line":44,"column":2},"end":{"line":44,"column":102}},"type":"if","locations":[{"start":{"line":44,"column":2},"end":{"line":44,"column":102}},{"start":{"line":44,"column":2},"end":{"line":44,"column":102}}]},"4":{"loc":{"start":{"line":49,"column":17},"end":{"line":49,"column":19}},"type":"cond-expr","locations":[{"start":{"line":49,"column":17},"end":{"line":49,"column":19}},{"start":{"line":49,"column":13},"end":{"line":49,"column":21}}]},"5":{"loc":{"start":{"line":49,"column":13},"end":{"line":49,"column":19}},"type":"binary-expr","locations":[{"start":{"line":49,"column":13},"end":{"line":49,"column":19}},{"start":{"line":49,"column":13},"end":{"line":49,"column":19}}]},"6":{"loc":{"start":{"line":76,"column":26},"end":{"line":76,"column":28}},"type":"cond-expr","locations":[{"start":{"line":76,"column":26},"end":{"line":76,"column":28}},{"start":{"line":76,"column":26},"end":{"line":76,"column":33}}]},"7":{"loc":{"start":{"line":76,"column":17},"end":{"line":76,"column":28}},"type":"binary-expr","locations":[{"start":{"line":76,"column":17},"end":{"line":76,"column":28}},{"start":{"line":76,"column":26},"end":{"line":76,"column":28}}]}},"s":{"0":1,"1":1,"2":1,"3":1,"4":1,"5":1,"6":0,"7":1,"8":1,"9":0,"10":1,"11":1,"12":0,"13":1,"14":2,"15":1,"16":1,"17":2,"18":1,"19":1,"20":1,"21":1,"22":1,"23":0,"24":1,"25":2,"26":2,"27":1,"28":2,"29":1,"30":2,"31":4,"32":1,"33":1,"34":2,"35":1,"36":1,"37":1,"38":1,"39":1,"40":1},"f":{"0":1,"1":2,"2":2,"3":1,"4":2,"5":2,"6":2,"7":4,"8":1,"9":2,"10":1,"11":1},"b":{"0":[0,1],"1":[0,1],"2":[0,1],"3":[0,1],"4":[0,2],"5":[2,2],"6":[0,1],"7":[1,1]}}
}
