TN:
SF:src\config\database.ts
FN:29,(anonymous_1)
FNF:1
FNH:0
FNDA:0,(anonymous_1)
DA:1,10
DA:2,10
DA:4,10
DA:16,10
DA:18,10
DA:30,0
DA:34,10
LF:7
LH:6
BRDA:6,0,0,10
BRDA:7,1,0,10
BRDA:8,2,0,10
BRDA:9,3,0,10
BRDA:10,4,0,10
BRDA:11,5,0,10
BRDA:12,6,0,10
BRDA:13,7,0,10
BRDA:14,8,0,10
BRDA:15,9,0,10
BRF:10
BRH:10
end_of_record
TN:
SF:src\config\logger.ts
FN:12,(anonymous_0)
FN:22,(anonymous_1)
FN:47,(anonymous_2)
FN:51,(anonymous_3)
FN:55,(anonymous_4)
FN:59,(anonymous_5)
FN:63,(anonymous_6)
FN:67,(anonymous_7)
FN:71,(anonymous_8)
FN:75,(anonymous_9)
FNF:10
FNH:1
FNDA:0,(anonymous_0)
FNDA:0,(anonymous_1)
FNDA:10,(anonymous_2)
FNDA:0,(anonymous_3)
FNDA:0,(anonymous_4)
FNDA:0,(anonymous_5)
FNDA:0,(anonymous_6)
FNDA:0,(anonymous_7)
FNDA:0,(anonymous_8)
FNDA:0,(anonymous_9)
DA:1,10
DA:3,10
DA:7,10
DA:12,10
DA:13,0
DA:15,0
DA:16,0
DA:19,0
DA:22,10
DA:23,0
DA:25,0
DA:28,10
DA:48,10
DA:52,0
DA:56,0
DA:60,0
DA:64,0
DA:68,0
DA:72,0
DA:76,0
DA:80,10
LF:21
LH:8
BRDA:6,0,0,10
BRDA:15,1,0,0
BRDA:15,1,1,0
BRDA:15,2,0,0
BRDA:15,2,1,0
BRF:5
BRH:1
end_of_record
TN:
SF:src\models\StudentInfo.ts
FNF:0
FNH:0
DA:1,3
DA:2,3
DA:33,3
DA:61,3
LF:4
LH:4
BRF:0
BRH:0
end_of_record
TN:
SF:src\models\TeacherInfo.ts
FNF:0
FNH:0
DA:1,2
DA:2,2
DA:28,2
DA:56,2
LF:4
LH:4
BRF:0
BRH:0
end_of_record
TN:
SF:src\models\TeacherStudent.ts
FNF:0
FNH:0
DA:1,2
DA:2,2
DA:22,2
DA:35,2
LF:4
LH:4
BRF:0
BRH:0
end_of_record
TN:
SF:src\models\User.ts
FNF:0
FNH:0
DA:2,3
DA:3,3
DA:26,3
DA:51,3
LF:4
LH:4
BRF:0
BRH:0
end_of_record
TN:
SF:src\services\notificationService.ts
FN:6,getNotificationRecipients
FN:21,(anonymous_2)
FN:22,(anonymous_3)
FN:23,(anonymous_4)
FN:29,(anonymous_5)
FN:37,(anonymous_6)
FN:44,(anonymous_7)
FN:45,(anonymous_8)
FNF:8
FNH:8
FNDA:3,getNotificationRecipients
FNDA:1,(anonymous_2)
FNDA:1,(anonymous_3)
FNDA:1,(anonymous_4)
FNDA:1,(anonymous_5)
FNDA:1,(anonymous_6)
FNDA:1,(anonymous_7)
FNDA:1,(anonymous_8)
DA:1,1
DA:2,1
DA:3,1
DA:4,1
DA:6,1
DA:8,3
DA:9,3
DA:11,2
DA:12,2
DA:15,1
DA:20,1
DA:21,1
DA:22,1
DA:23,1
DA:28,1
DA:29,1
DA:31,1
DA:35,1
DA:37,1
DA:43,1
DA:44,1
DA:45,1
DA:48,1
DA:50,1
LF:24
LH:24
BRDA:9,0,0,1
BRDA:9,0,1,2
BRDA:12,1,0,1
BRDA:12,1,1,1
BRDA:21,2,0,0
BRDA:21,2,1,1
BRDA:21,3,0,1
BRDA:21,3,1,1
BRDA:22,4,0,0
BRDA:22,4,1,1
BRDA:22,5,0,1
BRDA:22,5,1,1
BRDA:22,6,0,0
BRDA:22,6,1,1
BRDA:22,7,0,1
BRDA:22,7,1,1
BRDA:28,8,0,1
BRDA:28,8,1,0
BRDA:44,9,0,0
BRDA:44,9,1,1
BRDA:44,10,0,1
BRDA:44,10,1,1
BRF:22
BRH:17
end_of_record
TN:
SF:src\services\studentService.ts
FN:4,suspendStudentByEmail
FNF:1
FNH:1
FNDA:4,suspendStudentByEmail
DA:1,1
DA:2,1
DA:4,1
DA:5,4
DA:6,4
DA:8,3
DA:9,3
DA:11,2
DA:13,1
DA:14,1
LF:10
LH:10
BRDA:6,0,0,1
BRDA:6,0,1,3
BRDA:9,1,0,1
BRDA:9,1,1,2
BRDA:11,2,0,1
BRDA:11,2,1,1
BRF:6
BRH:6
end_of_record
TN:
SF:src\services\userService.ts
FN:8,registerStudentsToTeacher
FN:20,(anonymous_2)
FN:26,(anonymous_3)
FN:39,getCommonStudents
FN:47,(anonymous_5)
FN:55,(anonymous_6)
FN:61,(anonymous_7)
FN:62,(anonymous_8)
FN:65,(anonymous_9)
FN:66,(anonymous_10)
FN:76,(anonymous_11)
FN:77,(anonymous_12)
FNF:12
FNH:12
FNDA:1,registerStudentsToTeacher
FNDA:2,(anonymous_2)
FNDA:2,(anonymous_3)
FNDA:1,getCommonStudents
FNDA:2,(anonymous_5)
FNDA:2,(anonymous_6)
FNDA:2,(anonymous_7)
FNDA:4,(anonymous_8)
FNDA:1,(anonymous_9)
FNDA:2,(anonymous_10)
FNDA:1,(anonymous_11)
FNDA:1,(anonymous_12)
DA:1,1
DA:2,1
DA:3,1
DA:4,1
DA:8,1
DA:10,1
DA:11,1
DA:13,1
DA:14,1
DA:17,1
DA:18,1
DA:20,2
DA:21,1
DA:26,1
DA:27,2
DA:34,1
DA:35,1
DA:39,1
DA:42,1
DA:44,1
DA:46,1
DA:48,2
DA:49,2
DA:54,1
DA:56,2
DA:61,1
DA:62,4
DA:65,1
DA:66,2
DA:70,1
DA:75,1
DA:76,1
DA:77,1
DA:78,1
LF:34
LH:34
BRDA:11,0,0,0
BRDA:11,0,1,1
BRDA:14,1,0,0
BRDA:14,1,1,1
BRDA:18,2,0,0
BRDA:18,2,1,1
BRDA:44,3,0,0
BRDA:44,3,1,1
BRDA:49,4,0,0
BRDA:49,4,1,2
BRDA:49,5,0,2
BRDA:49,5,1,2
BRDA:76,6,0,0
BRDA:76,6,1,1
BRDA:76,7,0,1
BRDA:76,7,1,1
BRF:16
BRH:10
end_of_record
